Running mdpar with 1 threads
10000
real	4m25.231s
user	4m25.167s
sys	0m0.012s
Running mdpar with 2 threads
5000
real	3m30.769s
user	4m59.494s
sys	0m0.021s
Running mdpar with 3 threads
3333
real	2m48.833s
user	5m36.687s
sys	0m0.061s
Running mdpar with 4 threads
2500
real	2m19.988s
user	6m7.180s
sys	0m0.021s
Running mdpar with 5 threads
2000
real	2m1.851s
user	6m39.315s
sys	0m0.065s
Running mdpar with 6 threads
1666
real	1m48.270s
user	7m9.943s
sys	0m0.025s
Running mdpar with 7 threads
1428
real	1m37.364s
user	7m36.463s
sys	0m0.041s
Running mdpar with 8 threads
1250
real	1m29.312s
user	8m6.972s
sys	0m0.073s
Running mdpar with 9 threads
1111
real	1m23.684s
user	8m37.754s
sys	0m0.068s
Running mdpar with 10 threads
1000
real	1m17.958s
user	9m4.391s
sys	0m0.097s
Running mdpar with 11 threads
909
real	1m13.940s
user	9m36.015s
sys	0m0.081s
Running mdpar with 12 threads
833
real	1m10.390s
user	10m8.334s
sys	0m0.073s
Running mdpar with 13 threads
769
real	1m7.786s
user	10m41.572s
sys	0m0.076s
Running mdpar with 14 threads
714
real	1m5.685s
user	11m19.012s
sys	0m0.080s
Running mdpar with 15 threads
666
real	1m4.082s
user	11m59.401s
sys	0m0.100s
Running mdpar with 16 threads
625
real	1m2.889s
user	12m44.426s
sys	0m0.100s
Running mdpar with 17 threads
588
real	1m2.080s
user	13m27.704s
sys	0m0.104s
Running mdpar with 18 threads
555
real	1m1.064s
user	14m9.555s
sys	0m0.052s
Running mdpar with 19 threads
526
real	1m0.324s
user	14m52.353s
sys	0m0.072s
Running mdpar with 20 threads
500
real	0m58.903s
user	15m26.983s
sys	0m0.100s
Running mdpar with 21 threads
476
real	0m58.338s
user	16m8.118s
sys	0m0.116s
Running mdpar with 22 threads
454
real	0m57.844s
user	16m49.669s
sys	0m0.056s
Running mdpar with 23 threads
434
real	0m56.982s
user	17m28.191s
sys	0m0.120s
Running mdpar with 24 threads
416
real	0m56.638s
user	18m11.288s
sys	0m0.160s
Running mdpar with 25 threads
400
real	1m8.998s
user	20m13.616s
sys	0m0.068s
Running mdpar with 26 threads
384
real	1m9.064s
user	21m5.886s
sys	0m0.192s
Running mdpar with 27 threads
370
real	1m6.883s
user	21m32.402s
sys	0m0.216s
Running mdpar with 28 threads
357
real	1m5.297s
user	22m7.907s
sys	0m0.284s
Running mdpar with 29 threads
344
real	1m3.582s
user	22m39.283s
sys	0m0.124s
Running mdpar with 30 threads
333
real	1m1.872s
user	22m58.231s
sys	0m0.112s
Running mdpar with 31 threads
322
real	1m0.116s
user	23m15.838s
sys	0m0.156s
Running mdpar with 32 threads
312
real	0m58.760s
user	23m29.608s
sys	0m0.205s
Running mdpar with 33 threads
303
real	0m57.337s
user	23m44.962s
sys	0m0.197s
Running mdpar with 34 threads
294
real	0m56.301s
user	24m6.198s
sys	0m0.232s
Running mdpar with 35 threads
285
real	0m54.329s
user	24m12.508s
sys	0m0.285s
Running mdpar with 36 threads
277
real	0m53.310s
user	24m28.542s
sys	0m0.229s
Running mdpar with 37 threads
270
real	0m51.895s
user	24m36.666s
sys	0m0.309s
Running mdpar with 38 threads
263
real	0m50.413s
user	24m41.134s
sys	0m0.225s
Running mdpar with 39 threads
256
real	0m49.259s
user	24m51.393s
sys	0m0.224s
Running mdpar with 40 threads
250
real	0m48.208s
user	24m59.547s
sys	0m0.237s
Running mdpar with 41 threads
243
real	0m46.950s
user	25m2.153s
sys	0m0.216s
Running mdpar with 42 threads
238
real	0m45.619s
user	25m2.551s
sys	0m0.304s
Running mdpar with 43 threads

real	0m44.758s
user	25m10.693s
sys	0m0.161s
Running mdpar with 44 threads

real	0m43.429s
user	25m9.986s
sys	0m0.260s
Running mdpar with 45 threads

real	0m42.613s
user	25m18.135s
sys	0m0.200s
Running mdpar with 46 threads

real	0m41.644s
user	25m26.109s
sys	0m0.296s
Running mdpar with 47 threads

real	0m40.886s
user	25m31.912s
sys	0m0.160s
Running mdpar with 48 threads

real	0m39.832s
user	25m31.987s
sys	0m0.268s
