Running mdpar with 1 threads

real	0m55.701s
user	0m55.140s
sys	0m0.512s
Running mdpar with 2 threads

real	0m52.989s
user	1m18.700s
sys	0m0.540s
Running mdpar with 3 threads

real	0m51.377s
user	1m33.208s
sys	0m0.532s
Running mdpar with 4 threads

real	0m51.054s
user	1m37.389s
sys	0m0.584s
Running mdpar with 5 threads

real	0m51.119s
user	1m38.088s
sys	0m0.624s
Running mdpar with 6 threads

real	0m51.084s
user	1m38.765s
sys	0m0.576s
Running mdpar with 7 threads

real	0m51.127s
user	1m39.074s
sys	0m0.632s
Running mdpar with 8 threads

real	0m51.102s
user	1m39.337s
sys	0m0.680s
Running mdpar with 9 threads

real	0m51.122s
user	1m39.790s
sys	0m0.552s
Running mdpar with 10 threads

real	0m51.105s
user	1m40.068s
sys	0m0.552s
Running mdpar with 11 threads

real	0m51.131s
user	1m40.134s
sys	0m0.620s
Running mdpar with 12 threads
slurmstepd-hurricane: error: *** JOB 26707 ON hurricane CANCELLED AT 2025-03-15T00:19:45 ***
